[+] Containers:
 |- [+] Container: /Game/Maps/InitMap
 |   |- [+] ActorDescs:
 |   |   |- Guid:06A1335B6E6B3B7582720EA3F5DCEE9D NativeClass:/Script/Engine.VolumetricCloud Name:VolumetricCloud_0 Label:VolumetricCloud SpatiallyLoaded:false EditorBounds:IsValid=true, Min=(X=-128.000 Y=-128.000 Z=692.000), Max=(X=128.000 Y=128.000 Z=948.000) RuntimeBounds:IsValid=true, Min=(X=0.000 Y=0.000 Z=820.000), Max=(X=0.000 Y=0.000 Z=820.000) RuntimeGrid:None EditorOnly:false RuntimeOnly:false HLODRelevant:false ListedInSceneOutliner:true IsMainWorldOnly:false FolderPath:Lighting FolderGuid:0BA5F0A04EADB18E70D5B180D08FA34B
 |   |   |- Guid:0BE34A11539A3C7592DEE224371A9EFD NativeClass:/Script/Engine.DirectionalLight Name:DirectionalLight_1 Label:DirectionalLight SpatiallyLoaded:false EditorBounds:IsValid=false, Min=(X=0.000 Y=0.000 Z=0.000), Max=(X=0.000 Y=0.000 Z=0.000) RuntimeBounds:IsValid=false, Min=(X=0.000 Y=0.000 Z=0.000), Max=(X=0.000 Y=0.000 Z=0.000) RuntimeGrid:None EditorOnly:false RuntimeOnly:false HLODRelevant:false ListedInSceneOutliner:true IsMainWorldOnly:false FolderPath:Lighting FolderGuid:0BA5F0A04EADB18E70D5B180D08FA34B
 |   |   |- Guid:17B63840554C3B73A07E64C530F7C4E5 NativeClass:/Script/Engine.StaticMeshActor Name:StaticMeshActor_10 Label:SM_Cube6 SpatiallyLoaded:true EditorBounds:IsValid=true, Min=(X=2900.000 Y=100.000 Z=0.000), Max=(X=3000.000 Y=3400.000 Z=400.000) RuntimeBounds:IsValid=true, Min=(X=2900.000 Y=100.000 Z=0.000), Max=(X=3000.000 Y=3400.000 Z=400.000) RuntimeGrid:None EditorOnly:false RuntimeOnly:false HLODRelevant:true ListedInSceneOutliner:true IsMainWorldOnly:false FolderPath:Playground FolderGuid:6C02BB504B69D1F3D7A624B130C18E5B
 |   |   |- Guid:69A9DEC099D73797B723BB7E2EB4542B NativeClass:/Script/Engine.PostProcessVolume Name:PostProcessVolume_0 Label:PostProcessVolume SpatiallyLoaded:false EditorBounds:IsValid=true, Min=(X=0.000 Y=0.000 Z=400.000), Max=(X=200.000 Y=200.000 Z=600.000) RuntimeBounds:IsValid=true, Min=(X=0.000 Y=0.000 Z=400.000), Max=(X=200.000 Y=200.000 Z=600.000) RuntimeGrid:None EditorOnly:false RuntimeOnly:false HLODRelevant:false ListedInSceneOutliner:true IsMainWorldOnly:false FolderPath:Lighting FolderGuid:0BA5F0A04EADB18E70D5B180D08FA34B
 |   |   |- Guid:6DCDD4EF6ACA3B3FB6B98AD54A0BCA0A NativeClass:/Script/Engine.SkyAtmosphere Name:SkyAtmosphere_0 Label:SkyAtmosphere SpatiallyLoaded:false EditorBounds:IsValid=true, Min=(X=-128.000 Y=-128.000 Z=892.000), Max=(X=240.000 Y=128.000 Z=1148.000) RuntimeBounds:IsValid=true, Min=(X=0.000 Y=0.000 Z=1020.000), Max=(X=0.000 Y=0.000 Z=1020.000) RuntimeGrid:None EditorOnly:false RuntimeOnly:false HLODRelevant:false ListedInSceneOutliner:true IsMainWorldOnly:false FolderPath:Lighting FolderGuid:0BA5F0A04EADB18E70D5B180D08FA34B
 |   |   |- Guid:7F41CDFC4F6A3E18B55C3EB475BBEB63 BaseClass:/Game/Blueprints/BP_Global_QI_Manager.BP_Global_QI_Manager_C NativeClass:/Script/Engine.Actor Name:BP_Global_QI_Manager_C_UAID_701AB827B3C4D06002_1292698479 Label:BP_Global_QI_Manager SpatiallyLoaded:true EditorBounds:IsValid=true, Min=(X=60.000 Y=3450.000 Z=450.000), Max=(X=60.000 Y=3450.000 Z=450.000) RuntimeBounds:IsValid=true, Min=(X=60.000 Y=3450.000 Z=450.000), Max=(X=60.000 Y=3450.000 Z=450.000) RuntimeGrid:None EditorOnly:false RuntimeOnly:false HLODRelevant:false ListedInSceneOutliner:true IsMainWorldOnly:false
 |   |   |- Guid:8862B6122785350487DE25628F2E9776 NativeClass:/Script/Engine.StaticMeshActor Name:StaticMeshActor_4 Label:SM_Cube3 SpatiallyLoaded:true EditorBounds:IsValid=true, Min=(X=0.000 Y=3400.000 Z=0.000), Max=(X=3000.000 Y=3500.000 Z=400.000) RuntimeBounds:IsValid=true, Min=(X=0.000 Y=3400.000 Z=0.000), Max=(X=3000.000 Y=3500.000 Z=400.000) RuntimeGrid:None EditorOnly:false RuntimeOnly:false HLODRelevant:true ListedInSceneOutliner:true IsMainWorldOnly:false FolderPath:Playground FolderGuid:6C02BB504B69D1F3D7A624B130C18E5B
 |   |   |- Guid:88A47EC9B0CA3AB681737CC3D9F987AB NativeClass:/Script/Engine.PlayerStart Name:PlayerStart_0 Label:PlayerStart SpatiallyLoaded:false EditorBounds:IsValid=true, Min=(X=772.000 Y=722.000 Z=-35.987), Max=(X=1089.282 Y=1097.846 Z=220.013) RuntimeBounds:IsValid=true, Min=(X=845.359 Y=795.359 Z=0.013), Max=(X=954.641 Y=904.641 Z=184.013) RuntimeGrid:None EditorOnly:false RuntimeOnly:false HLODRelevant:false ListedInSceneOutliner:true IsMainWorldOnly:false
 |   |   |- Guid:92D87E4850193494A7ACF61B268607E1 NativeClass:/Script/Engine.StaticMeshActor Name:StaticMeshActor_0 Label:SM_Cube SpatiallyLoaded:true EditorBounds:IsValid=true, Min=(X=0.000 Y=0.000 Z=-50.000), Max=(X=3000.000 Y=3500.000 Z=0.000) RuntimeBounds:IsValid=true, Min=(X=0.000 Y=0.000 Z=-50.000), Max=(X=3000.000 Y=3500.000 Z=0.000) RuntimeGrid:None EditorOnly:false RuntimeOnly:false HLODRelevant:true ListedInSceneOutliner:true IsMainWorldOnly:false FolderPath:Playground FolderGuid:6C02BB504B69D1F3D7A624B130C18E5B
 |   |   |- Guid:936BAC4B45AC73CDBA2F4C812680DBEF BaseClass:/Game/UE_Content/ThirdPerson/Blueprints/BP_MounteaQuests_NPC.BP_MounteaQuests_NPC_C NativeClass:/Script/Engine.Character Name:BP_MounteaQuests_NPC_C_UAID_701AB827B3C40E6102_1810028398 Label:BP_MounteaQuests_NPC2 SpatiallyLoaded:true EditorBounds:IsValid=true, Min=(X=971.042 Y=2537.984 Z=0.000), Max=(X=1330.634 Y=2850.546 Z=260.000) RuntimeBounds:IsValid=true, Min=(X=971.042 Y=2537.984 Z=0.000), Max=(X=1330.634 Y=2850.546 Z=260.000) RuntimeGrid:None EditorOnly:false RuntimeOnly:false HLODRelevant:false ListedInSceneOutliner:true IsMainWorldOnly:false
 |   |   |- Guid:9992A068023E3940BF535FB5C0BFB375 NativeClass:/Script/Engine.ExponentialHeightFog Name:ExponentialHeightFog_0 Label:ExponentialHeightFog SpatiallyLoaded:false EditorBounds:IsValid=true, Min=(X=-5728.000 Y=-178.000 Z=-6978.000), Max=(X=-5472.000 Y=78.000 Z=-6722.000) RuntimeBounds:IsValid=true, Min=(X=-5600.000 Y=-50.000 Z=-6850.000), Max=(X=-5600.000 Y=-50.000 Z=-6850.000) RuntimeGrid:None EditorOnly:false RuntimeOnly:false HLODRelevant:false ListedInSceneOutliner:true IsMainWorldOnly:false FolderPath:Lighting FolderGuid:0BA5F0A04EADB18E70D5B180D08FA34B
 |   |   |- Guid:A6EFAE81EE6B330CB92B715D115F957B NativeClass:/Script/Engine.WorldDataLayers Name:WorldDataLayers Label:WorldDataLayers SpatiallyLoaded:false EditorBounds:IsValid=false, Min=(X=0.000 Y=0.000 Z=0.000), Max=(X=0.000 Y=0.000 Z=0.000) RuntimeBounds:IsValid=false, Min=(X=0.000 Y=0.000 Z=0.000), Max=(X=0.000 Y=0.000 Z=0.000) RuntimeGrid:None EditorOnly:false RuntimeOnly:false HLODRelevant:false ListedInSceneOutliner:true IsMainWorldOnly:true
 |   |   |- Guid:B6A6DDBD45E10086DC3E1EAE2EB34A7E BaseClass:/Game/Blueprints/QuestItem_v2/BP_QuestItem.BP_QuestItem_C NativeClass:/Script/Engine.StaticMeshActor Name:BP_QuestItem_C_UAID_701AB827B3C43A6202_2050537192 Label:BP_QuestItem SpatiallyLoaded:true EditorBounds:IsValid=true, Min=(X=1277.672 Y=507.672 Z=-922.265), Max=(X=3222.328 Y=2452.328 Z=1022.390) RuntimeBounds:IsValid=true, Min=(X=1277.672 Y=507.672 Z=-922.265), Max=(X=3222.328 Y=2452.328 Z=1022.390) RuntimeGrid:None EditorOnly:false RuntimeOnly:false HLODRelevant:true ListedInSceneOutliner:true IsMainWorldOnly:false
 |   |   |- Guid:BB66DA7AAE0C369EB53AD39BA20A713D NativeClass:/Script/Engine.SkyLight Name:SkyLight_0 Label:SkyLight SpatiallyLoaded:false EditorBounds:IsValid=true, Min=(X=-1.000 Y=-1.000 Z=-1.000), Max=(X=1.000 Y=1.000 Z=690.000) RuntimeBounds:IsValid=true, Min=(X=0.000 Y=0.000 Z=690.000), Max=(X=0.000 Y=0.000 Z=690.000) RuntimeGrid:None EditorOnly:false RuntimeOnly:false HLODRelevant:false ListedInSceneOutliner:true IsMainWorldOnly:false FolderPath:Lighting FolderGuid:0BA5F0A04EADB18E70D5B180D08FA34B
 |   |   |- Guid:BBE5AE7AC7EA3F22AC017C36661BBA17 NativeClass:/Script/Engine.TextRenderActor Name:TextRenderActor_1 Label:TextRenderActor SpatiallyLoaded:true EditorBounds:IsValid=true, Min=(X=-128.100 Y=972.000 Z=12.013), Max=(X=127.900 Y=2363.461 Z=268.013) RuntimeBounds:IsValid=true, Min=(X=-0.100 Y=1100.000 Z=65.013), Max=(X=-0.100 Y=2363.461 Z=215.013) RuntimeGrid:None EditorOnly:false RuntimeOnly:false HLODRelevant:false ListedInSceneOutliner:true IsMainWorldOnly:false
 |   |   |- Guid:D03B1A7D9CF53AFEA1EF0A5A4CF107A1 NativeClass:/Script/Engine.StaticMeshActor Name:StaticMeshActor_3 Label:SM_Cube2 SpatiallyLoaded:true EditorBounds:IsValid=true, Min=(X=0.000 Y=0.000 Z=0.000), Max=(X=3000.000 Y=100.000 Z=400.000) RuntimeBounds:IsValid=true, Min=(X=0.000 Y=0.000 Z=0.000), Max=(X=3000.000 Y=100.000 Z=400.000) RuntimeGrid:None EditorOnly:false RuntimeOnly:false HLODRelevant:true ListedInSceneOutliner:true IsMainWorldOnly:false FolderPath:Playground FolderGuid:6C02BB504B69D1F3D7A624B130C18E5B
 |   |   |- Guid:D1D3B0864D8AC781D2CAAB886610F6D3 BaseClass:/Game/UE_Content/ThirdPerson/Blueprints/BP_MounteaQuests_NPC.BP_MounteaQuests_NPC_C NativeClass:/Script/Engine.Character Name:BP_MounteaQuests_NPC_C_UAID_701AB827B3C4096102_1548351517 Label:BP_MounteaQuests_NPC SpatiallyLoaded:true EditorBounds:IsValid=true, Min=(X=211.042 Y=1567.984 Z=0.000), Max=(X=570.634 Y=1880.546 Z=260.000) RuntimeBounds:IsValid=true, Min=(X=211.042 Y=1567.984 Z=0.000), Max=(X=570.634 Y=1880.546 Z=260.000) RuntimeGrid:None EditorOnly:false RuntimeOnly:false HLODRelevant:false ListedInSceneOutliner:true IsMainWorldOnly:false
 |   |   |- Guid:DFE8EB2BF298304B982D875BB587519B NativeClass:/Script/Engine.StaticMeshActor Name:StaticMeshActor_9 Label:SM_Cube5 SpatiallyLoaded:true EditorBounds:IsValid=true, Min=(X=-0.000 Y=100.000 Z=0.000), Max=(X=100.000 Y=3400.000 Z=400.000) RuntimeBounds:IsValid=true, Min=(X=-0.000 Y=100.000 Z=0.000), Max=(X=100.000 Y=3400.000 Z=400.000) RuntimeGrid:None EditorOnly:false RuntimeOnly:false HLODRelevant:true ListedInSceneOutliner:true IsMainWorldOnly:false FolderPath:Playground FolderGuid:6C02BB504B69D1F3D7A624B130C18E5B
 |   |   |- Guid:E5DF1D23439432DF88D0BA5BB38195EA NativeClass:/Script/Engine.StaticMeshActor Name:StaticMeshActor_UAID_A4AE111137DC5EFB00_2001720423 Label:SM_SkySphere SpatiallyLoaded:false EditorBounds:IsValid=true, Min=(X=-1638400.000 Y=-1638400.000 Z=-1638400.000), Max=(X=1638400.000 Y=1638400.000 Z=1638400.000) RuntimeBounds:IsValid=true, Min=(X=-1638400.000 Y=-1638400.000 Z=-1638400.000), Max=(X=1638400.000 Y=1638400.000 Z=1638400.000) RuntimeGrid:None EditorOnly:false RuntimeOnly:false HLODRelevant:false ListedInSceneOutliner:true IsMainWorldOnly:false FolderPath:Lighting FolderGuid:0BA5F0A04EADB18E70D5B180D08FA34B
 |   |- [+] Clusters:
 |   |   |- [+] [  0]
 |   |   |   |- Guid:06A1335B6E6B3B7582720EA3F5DCEE9D NativeClass:/Script/Engine.VolumetricCloud Name:VolumetricCloud_0 Label:VolumetricCloud SpatiallyLoaded:false EditorBounds:IsValid=true, Min=(X=-128.000 Y=-128.000 Z=692.000), Max=(X=128.000 Y=128.000 Z=948.000) RuntimeBounds:IsValid=true, Min=(X=0.000 Y=0.000 Z=820.000), Max=(X=0.000 Y=0.000 Z=820.000) RuntimeGrid:None EditorOnly:false RuntimeOnly:false HLODRelevant:false ListedInSceneOutliner:true IsMainWorldOnly:false FolderPath:Lighting FolderGuid:0BA5F0A04EADB18E70D5B180D08FA34B
 |   |   |- [+] [  1]
 |   |   |   |- Guid:0BE34A11539A3C7592DEE224371A9EFD NativeClass:/Script/Engine.DirectionalLight Name:DirectionalLight_1 Label:DirectionalLight SpatiallyLoaded:false EditorBounds:IsValid=false, Min=(X=0.000 Y=0.000 Z=0.000), Max=(X=0.000 Y=0.000 Z=0.000) RuntimeBounds:IsValid=false, Min=(X=0.000 Y=0.000 Z=0.000), Max=(X=0.000 Y=0.000 Z=0.000) RuntimeGrid:None EditorOnly:false RuntimeOnly:false HLODRelevant:false ListedInSceneOutliner:true IsMainWorldOnly:false FolderPath:Lighting FolderGuid:0BA5F0A04EADB18E70D5B180D08FA34B
 |   |   |- [+] [  2]
 |   |   |   |- Guid:17B63840554C3B73A07E64C530F7C4E5 NativeClass:/Script/Engine.StaticMeshActor Name:StaticMeshActor_10 Label:SM_Cube6 SpatiallyLoaded:true EditorBounds:IsValid=true, Min=(X=2900.000 Y=100.000 Z=0.000), Max=(X=3000.000 Y=3400.000 Z=400.000) RuntimeBounds:IsValid=true, Min=(X=2900.000 Y=100.000 Z=0.000), Max=(X=3000.000 Y=3400.000 Z=400.000) RuntimeGrid:None EditorOnly:false RuntimeOnly:false HLODRelevant:true ListedInSceneOutliner:true IsMainWorldOnly:false FolderPath:Playground FolderGuid:6C02BB504B69D1F3D7A624B130C18E5B
 |   |   |- [+] [  3]
 |   |   |   |- Guid:69A9DEC099D73797B723BB7E2EB4542B NativeClass:/Script/Engine.PostProcessVolume Name:PostProcessVolume_0 Label:PostProcessVolume SpatiallyLoaded:false EditorBounds:IsValid=true, Min=(X=0.000 Y=0.000 Z=400.000), Max=(X=200.000 Y=200.000 Z=600.000) RuntimeBounds:IsValid=true, Min=(X=0.000 Y=0.000 Z=400.000), Max=(X=200.000 Y=200.000 Z=600.000) RuntimeGrid:None EditorOnly:false RuntimeOnly:false HLODRelevant:false ListedInSceneOutliner:true IsMainWorldOnly:false FolderPath:Lighting FolderGuid:0BA5F0A04EADB18E70D5B180D08FA34B
 |   |   |- [+] [  4]
 |   |   |   |- Guid:6DCDD4EF6ACA3B3FB6B98AD54A0BCA0A NativeClass:/Script/Engine.SkyAtmosphere Name:SkyAtmosphere_0 Label:SkyAtmosphere SpatiallyLoaded:false EditorBounds:IsValid=true, Min=(X=-128.000 Y=-128.000 Z=892.000), Max=(X=240.000 Y=128.000 Z=1148.000) RuntimeBounds:IsValid=true, Min=(X=0.000 Y=0.000 Z=1020.000), Max=(X=0.000 Y=0.000 Z=1020.000) RuntimeGrid:None EditorOnly:false RuntimeOnly:false HLODRelevant:false ListedInSceneOutliner:true IsMainWorldOnly:false FolderPath:Lighting FolderGuid:0BA5F0A04EADB18E70D5B180D08FA34B
 |   |   |- [+] [  5]
 |   |   |   |- Guid:7F41CDFC4F6A3E18B55C3EB475BBEB63 BaseClass:/Game/Blueprints/BP_Global_QI_Manager.BP_Global_QI_Manager_C NativeClass:/Script/Engine.Actor Name:BP_Global_QI_Manager_C_UAID_701AB827B3C4D06002_1292698479 Label:BP_Global_QI_Manager SpatiallyLoaded:true EditorBounds:IsValid=true, Min=(X=60.000 Y=3450.000 Z=450.000), Max=(X=60.000 Y=3450.000 Z=450.000) RuntimeBounds:IsValid=true, Min=(X=60.000 Y=3450.000 Z=450.000), Max=(X=60.000 Y=3450.000 Z=450.000) RuntimeGrid:None EditorOnly:false RuntimeOnly:false HLODRelevant:false ListedInSceneOutliner:true IsMainWorldOnly:false
 |   |   |   |- Guid:936BAC4B45AC73CDBA2F4C812680DBEF BaseClass:/Game/UE_Content/ThirdPerson/Blueprints/BP_MounteaQuests_NPC.BP_MounteaQuests_NPC_C NativeClass:/Script/Engine.Character Name:BP_MounteaQuests_NPC_C_UAID_701AB827B3C40E6102_1810028398 Label:BP_MounteaQuests_NPC2 SpatiallyLoaded:true EditorBounds:IsValid=true, Min=(X=971.042 Y=2537.984 Z=0.000), Max=(X=1330.634 Y=2850.546 Z=260.000) RuntimeBounds:IsValid=true, Min=(X=971.042 Y=2537.984 Z=0.000), Max=(X=1330.634 Y=2850.546 Z=260.000) RuntimeGrid:None EditorOnly:false RuntimeOnly:false HLODRelevant:false ListedInSceneOutliner:true IsMainWorldOnly:false
 |   |   |   |- Guid:B6A6DDBD45E10086DC3E1EAE2EB34A7E BaseClass:/Game/Blueprints/QuestItem_v2/BP_QuestItem.BP_QuestItem_C NativeClass:/Script/Engine.StaticMeshActor Name:BP_QuestItem_C_UAID_701AB827B3C43A6202_2050537192 Label:BP_QuestItem SpatiallyLoaded:true EditorBounds:IsValid=true, Min=(X=1277.672 Y=507.672 Z=-922.265), Max=(X=3222.328 Y=2452.328 Z=1022.390) RuntimeBounds:IsValid=true, Min=(X=1277.672 Y=507.672 Z=-922.265), Max=(X=3222.328 Y=2452.328 Z=1022.390) RuntimeGrid:None EditorOnly:false RuntimeOnly:false HLODRelevant:true ListedInSceneOutliner:true IsMainWorldOnly:false
 |   |   |   |- Guid:D1D3B0864D8AC781D2CAAB886610F6D3 BaseClass:/Game/UE_Content/ThirdPerson/Blueprints/BP_MounteaQuests_NPC.BP_MounteaQuests_NPC_C NativeClass:/Script/Engine.Character Name:BP_MounteaQuests_NPC_C_UAID_701AB827B3C4096102_1548351517 Label:BP_MounteaQuests_NPC SpatiallyLoaded:true EditorBounds:IsValid=true, Min=(X=211.042 Y=1567.984 Z=0.000), Max=(X=570.634 Y=1880.546 Z=260.000) RuntimeBounds:IsValid=true, Min=(X=211.042 Y=1567.984 Z=0.000), Max=(X=570.634 Y=1880.546 Z=260.000) RuntimeGrid:None EditorOnly:false RuntimeOnly:false HLODRelevant:false ListedInSceneOutliner:true IsMainWorldOnly:false
 |   |   |- [+] [  6]
 |   |   |   |- Guid:8862B6122785350487DE25628F2E9776 NativeClass:/Script/Engine.StaticMeshActor Name:StaticMeshActor_4 Label:SM_Cube3 SpatiallyLoaded:true EditorBounds:IsValid=true, Min=(X=0.000 Y=3400.000 Z=0.000), Max=(X=3000.000 Y=3500.000 Z=400.000) RuntimeBounds:IsValid=true, Min=(X=0.000 Y=3400.000 Z=0.000), Max=(X=3000.000 Y=3500.000 Z=400.000) RuntimeGrid:None EditorOnly:false RuntimeOnly:false HLODRelevant:true ListedInSceneOutliner:true IsMainWorldOnly:false FolderPath:Playground FolderGuid:6C02BB504B69D1F3D7A624B130C18E5B
 |   |   |- [+] [  7]
 |   |   |   |- Guid:88A47EC9B0CA3AB681737CC3D9F987AB NativeClass:/Script/Engine.PlayerStart Name:PlayerStart_0 Label:PlayerStart SpatiallyLoaded:false EditorBounds:IsValid=true, Min=(X=772.000 Y=722.000 Z=-35.987), Max=(X=1089.282 Y=1097.846 Z=220.013) RuntimeBounds:IsValid=true, Min=(X=845.359 Y=795.359 Z=0.013), Max=(X=954.641 Y=904.641 Z=184.013) RuntimeGrid:None EditorOnly:false RuntimeOnly:false HLODRelevant:false ListedInSceneOutliner:true IsMainWorldOnly:false
 |   |   |- [+] [  8]
 |   |   |   |- Guid:92D87E4850193494A7ACF61B268607E1 NativeClass:/Script/Engine.StaticMeshActor Name:StaticMeshActor_0 Label:SM_Cube SpatiallyLoaded:true EditorBounds:IsValid=true, Min=(X=0.000 Y=0.000 Z=-50.000), Max=(X=3000.000 Y=3500.000 Z=0.000) RuntimeBounds:IsValid=true, Min=(X=0.000 Y=0.000 Z=-50.000), Max=(X=3000.000 Y=3500.000 Z=0.000) RuntimeGrid:None EditorOnly:false RuntimeOnly:false HLODRelevant:true ListedInSceneOutliner:true IsMainWorldOnly:false FolderPath:Playground FolderGuid:6C02BB504B69D1F3D7A624B130C18E5B
 |   |   |- [+] [  9]
 |   |   |   |- Guid:9992A068023E3940BF535FB5C0BFB375 NativeClass:/Script/Engine.ExponentialHeightFog Name:ExponentialHeightFog_0 Label:ExponentialHeightFog SpatiallyLoaded:false EditorBounds:IsValid=true, Min=(X=-5728.000 Y=-178.000 Z=-6978.000), Max=(X=-5472.000 Y=78.000 Z=-6722.000) RuntimeBounds:IsValid=true, Min=(X=-5600.000 Y=-50.000 Z=-6850.000), Max=(X=-5600.000 Y=-50.000 Z=-6850.000) RuntimeGrid:None EditorOnly:false RuntimeOnly:false HLODRelevant:false ListedInSceneOutliner:true IsMainWorldOnly:false FolderPath:Lighting FolderGuid:0BA5F0A04EADB18E70D5B180D08FA34B
 |   |   |- [+] [ 10]
 |   |   |   |- Guid:A6EFAE81EE6B330CB92B715D115F957B NativeClass:/Script/Engine.WorldDataLayers Name:WorldDataLayers Label:WorldDataLayers SpatiallyLoaded:false EditorBounds:IsValid=false, Min=(X=0.000 Y=0.000 Z=0.000), Max=(X=0.000 Y=0.000 Z=0.000) RuntimeBounds:IsValid=false, Min=(X=0.000 Y=0.000 Z=0.000), Max=(X=0.000 Y=0.000 Z=0.000) RuntimeGrid:None EditorOnly:false RuntimeOnly:false HLODRelevant:false ListedInSceneOutliner:true IsMainWorldOnly:true
 |   |   |- [+] [ 11]
 |   |   |   |- Guid:BB66DA7AAE0C369EB53AD39BA20A713D NativeClass:/Script/Engine.SkyLight Name:SkyLight_0 Label:SkyLight SpatiallyLoaded:false EditorBounds:IsValid=true, Min=(X=-1.000 Y=-1.000 Z=-1.000), Max=(X=1.000 Y=1.000 Z=690.000) RuntimeBounds:IsValid=true, Min=(X=0.000 Y=0.000 Z=690.000), Max=(X=0.000 Y=0.000 Z=690.000) RuntimeGrid:None EditorOnly:false RuntimeOnly:false HLODRelevant:false ListedInSceneOutliner:true IsMainWorldOnly:false FolderPath:Lighting FolderGuid:0BA5F0A04EADB18E70D5B180D08FA34B
 |   |   |- [+] [ 12]
 |   |   |   |- Guid:BBE5AE7AC7EA3F22AC017C36661BBA17 NativeClass:/Script/Engine.TextRenderActor Name:TextRenderActor_1 Label:TextRenderActor SpatiallyLoaded:true EditorBounds:IsValid=true, Min=(X=-128.100 Y=972.000 Z=12.013), Max=(X=127.900 Y=2363.461 Z=268.013) RuntimeBounds:IsValid=true, Min=(X=-0.100 Y=1100.000 Z=65.013), Max=(X=-0.100 Y=2363.461 Z=215.013) RuntimeGrid:None EditorOnly:false RuntimeOnly:false HLODRelevant:false ListedInSceneOutliner:true IsMainWorldOnly:false
 |   |   |- [+] [ 13]
 |   |   |   |- Guid:D03B1A7D9CF53AFEA1EF0A5A4CF107A1 NativeClass:/Script/Engine.StaticMeshActor Name:StaticMeshActor_3 Label:SM_Cube2 SpatiallyLoaded:true EditorBounds:IsValid=true, Min=(X=0.000 Y=0.000 Z=0.000), Max=(X=3000.000 Y=100.000 Z=400.000) RuntimeBounds:IsValid=true, Min=(X=0.000 Y=0.000 Z=0.000), Max=(X=3000.000 Y=100.000 Z=400.000) RuntimeGrid:None EditorOnly:false RuntimeOnly:false HLODRelevant:true ListedInSceneOutliner:true IsMainWorldOnly:false FolderPath:Playground FolderGuid:6C02BB504B69D1F3D7A624B130C18E5B
 |   |   |- [+] [ 14]
 |   |   |   |- Guid:DFE8EB2BF298304B982D875BB587519B NativeClass:/Script/Engine.StaticMeshActor Name:StaticMeshActor_9 Label:SM_Cube5 SpatiallyLoaded:true EditorBounds:IsValid=true, Min=(X=-0.000 Y=100.000 Z=0.000), Max=(X=100.000 Y=3400.000 Z=400.000) RuntimeBounds:IsValid=true, Min=(X=-0.000 Y=100.000 Z=0.000), Max=(X=100.000 Y=3400.000 Z=400.000) RuntimeGrid:None EditorOnly:false RuntimeOnly:false HLODRelevant:true ListedInSceneOutliner:true IsMainWorldOnly:false FolderPath:Playground FolderGuid:6C02BB504B69D1F3D7A624B130C18E5B
 |   |   |- [+] [ 15]
 |   |   |   |- Guid:E5DF1D23439432DF88D0BA5BB38195EA NativeClass:/Script/Engine.StaticMeshActor Name:StaticMeshActor_UAID_A4AE111137DC5EFB00_2001720423 Label:SM_SkySphere SpatiallyLoaded:false EditorBounds:IsValid=true, Min=(X=-1638400.000 Y=-1638400.000 Z=-1638400.000), Max=(X=1638400.000 Y=1638400.000 Z=1638400.000) RuntimeBounds:IsValid=true, Min=(X=-1638400.000 Y=-1638400.000 Z=-1638400.000), Max=(X=1638400.000 Y=1638400.000 Z=1638400.000) RuntimeGrid:None EditorOnly:false RuntimeOnly:false HLODRelevant:false ListedInSceneOutliner:true IsMainWorldOnly:false FolderPath:Lighting FolderGuid:0BA5F0A04EADB18E70D5B180D08FA34B
 |- ContainerInstances:
 |- [+] MainContainer:
 |   |-        ID: 00000000000000000000000000000000
 |   |-  ParentID: 00000000000000000000000000000000
 |   |-    Bounds: IsValid=false, Min=(X=0.000 Y=0.000 Z=0.000), Max=(X=0.000 Y=0.000 Z=0.000)
 |   |- Transform: 0.000000,0.000000,0.000000|0.000000,0.000000,-0.000000|1.000000,1.000000,1.000000
 |   |- Container: /Game/Maps/InitMap
----------------------------------------------------------------------------------------------------------------
InitMap - Persistent Level
----------------------------------------------------------------------------------------------------------------
[+] Content of InitMap Persistent Level
 |- Always loaded Actor Count: 19 
 |- Actor Path: /Game/Maps/InitMap.InitMap:PersistentLevel.BP_Global_QI_Manager_C_UAID_701AB827B3C4D06002_1292698479
 |- Actor Package: /Game/__ExternalActors__/Maps/InitMap/6/RR/BELZ2476YVST7843AD5C8F
 |- Actor Path: /Game/Maps/InitMap.InitMap:PersistentLevel.BP_MounteaQuests_NPC_C_UAID_701AB827B3C4096102_1548351517
 |- Actor Package: /Game/__ExternalActors__/Maps/InitMap/3/9X/1IU1UL4JDWIKWYWIW3LF2K
 |- Actor Path: /Game/Maps/InitMap.InitMap:PersistentLevel.BP_MounteaQuests_NPC_C_UAID_701AB827B3C40E6102_1810028398
 |- Actor Package: /Game/__ExternalActors__/Maps/InitMap/5/0I/1JA6RDIRNRF11LRREEFLT4
 |- Actor Path: /Game/Maps/InitMap.InitMap:PersistentLevel.BP_QuestItem_C_UAID_701AB827B3C43A6202_2050537192
 |- Actor Package: /Game/__ExternalActors__/Maps/InitMap/C/KW/C0RRNYHG6B3QC2VDBGG5ST
 |- Actor Path: /Game/Maps/InitMap.InitMap:PersistentLevel.DirectionalLight_1
 |- Actor Package: /Game/__ExternalActors__/Maps/InitMap/A/TS/0AXXVJQ8PGEGU4TG4CF3NK
 |- Actor Path: /Game/Maps/InitMap.InitMap:PersistentLevel.ExponentialHeightFog_0
 |- Actor Package: /Game/__ExternalActors__/Maps/InitMap/5/R1/DEUMRXWRCC9ASITKBYZAJM
 |- Actor Path: /Game/Maps/InitMap.InitMap:PersistentLevel.PlayerStart_0
 |- Actor Package: /Game/__ExternalActors__/Maps/InitMap/3/NK/4VP22BQMPSWG71XI1AJ3ND
 |- Actor Path: /Game/Maps/InitMap.InitMap:PersistentLevel.PostProcessVolume_0
 |- Actor Package: /Game/__ExternalActors__/Maps/InitMap/E/T3/T4C1C6RC1HF1T0ZRURKBAO
 |- Actor Path: /Game/Maps/InitMap.InitMap:PersistentLevel.SkyAtmosphere_0
 |- Actor Package: /Game/__ExternalActors__/Maps/InitMap/B/HJ/1GQCWP9IY0R31ROF6HTBPG
 |- Actor Path: /Game/Maps/InitMap.InitMap:PersistentLevel.SkyLight_0
 |- Actor Package: /Game/__ExternalActors__/Maps/InitMap/9/60/XG39LTIW48C10NR8GK5IAU
 |- Actor Path: /Game/Maps/InitMap.InitMap:PersistentLevel.StaticMeshActor_0
 |- Actor Package: /Game/__ExternalActors__/Maps/InitMap/7/KI/TVGMYQ05RWA417FJWP2E6D
 |- Actor Path: /Game/Maps/InitMap.InitMap:PersistentLevel.StaticMeshActor_10
 |- Actor Package: /Game/__ExternalActors__/Maps/InitMap/D/77/P351Q8YLRC2F59YK1GVSAO
 |- Actor Path: /Game/Maps/InitMap.InitMap:PersistentLevel.StaticMeshActor_3
 |- Actor Package: /Game/__ExternalActors__/Maps/InitMap/E/14/MEMZKXTQDB3FSE0UCS5UMQ
 |- Actor Path: /Game/Maps/InitMap.InitMap:PersistentLevel.StaticMeshActor_4
 |- Actor Package: /Game/__ExternalActors__/Maps/InitMap/E/0X/NPNUQZSH6BLRVFQUH3JF64
 |- Actor Path: /Game/Maps/InitMap.InitMap:PersistentLevel.StaticMeshActor_9
 |- Actor Package: /Game/__ExternalActors__/Maps/InitMap/B/7I/O9VW3NKPSR25J6JB9RPIGS
 |- Actor Path: /Game/Maps/InitMap.InitMap:PersistentLevel.StaticMeshActor_UAID_A4AE111137DC5EFB00_2001720423
 |- Actor Package: /Game/__ExternalActors__/Maps/InitMap/4/BW/CKSNDGWPG27IADM51LUFBF
 |- Actor Path: /Game/Maps/InitMap.InitMap:PersistentLevel.TextRenderActor_1
 |- Actor Package: /Game/__ExternalActors__/Maps/InitMap/0/JK/15VTIBQ3H8I7DXMWB0O9O9
 |- Actor Path: /Game/Maps/InitMap.InitMap:PersistentLevel.VolumetricCloud_0
 |- Actor Package: /Game/__ExternalActors__/Maps/InitMap/A/K6/VM0D7MGQEH5Z541Q0IM6HP
 |- Actor Path: /Game/Maps/InitMap.InitMap:PersistentLevel.WorldDataLayers
 |- Actor Package: /Game/__ExternalActors__/Maps/InitMap/A/Y8/C2JJWV660P2CXPVN0WJMT3

----------------------------------------------------------------------------------------------------------------
InitMap - Runtime Hash Set
----------------------------------------------------------------------------------------------------------------

